Logfile for bbregister
Fri Aug  9 15:44:46 EDT 2024

setenv SUBJECTS_DIR /Volumes/Research/lazarm03lab/labspace/AD/camcan995/derivatives/scd/designer_tbss/freesurfer
cd /Volumes/Research/lazarm03lab/labspace/AD/camcan995/derivatives/scd/designer_tbss
/Applications/freesurfer/7.4.1/bin/bbregister --s sub-CC410032 --mov designer_akc/sub-CC410032/B0.nii --reg b02fs.lta --dti --init-fsl

FreeSurferEnv.csh 7.4.1
Darwin ryns-imac.wireless.nyumc.org 23.5.0 Darwin Kernel Version 23.5.0: Wed May  1 20:09:52 PDT 2024; root:xnu-10063.121.3~5/RELEASE_X86_64 x86_64
FREESURFER_HOME /Applications/freesurfer/7.4.1
mri_convert designer_akc/sub-CC410032/B0.nii ./tmp.bbregister.86313/template.nii
mri_convert designer_akc/sub-CC410032/B0.nii ./tmp.bbregister.86313/template.nii 
reading from designer_akc/sub-CC410032/B0.nii...
TR=0.00, TE=0.00, TI=0.00, flip angle=0.00
i_ras = (-0.999288, -0.0119411, -0.035797)
j_ras = (-0.0139539, 0.998304, 0.056516)
k_ras = (-0.0350614, -0.0569753, 0.99776)
writing to ./tmp.bbregister.86313/template.nii...
fslregister --s sub-CC410032 --mov ./tmp.bbregister.86313/template.nii --reg ./tmp.bbregister.86313/reg.init.dat --niters 1 --maxangle 90 --tmp ./tmp.bbregister.86313/fslregister --dof 6 --fsvol brainmask.mgz --nobetmov

Log file is ./tmp.bbregister.86313/reg.init.dat.fslregister.log

Fri Aug  9 15:44:48 EDT 2024
--s sub-CC410032 --mov ./tmp.bbregister.86313/template.nii --reg ./tmp.bbregister.86313/reg.init.dat --niters 1 --maxangle 90 --tmp ./tmp.bbregister.86313/fslregister --dof 6 --fsvol brainmask.mgz --nobetmov
FreeSurferEnv.csh 7.4.1
ryns-imac.wireless.nyumc.org
Darwin ryns-imac.wireless.nyumc.org 23.5.0 Darwin Kernel Version 23.5.0: Wed May  1 20:09:52 PDT 2024; root:xnu-10063.121.3~5/RELEASE_X86_64 x86_64
nIters 1
--------------------------------------
/Volumes/Research/lazarm03lab/labspace/AD/camcan995/derivatives/scd/designer_tbss
mri_convert /Volumes/Research/lazarm03lab/labspace/AD/camcan995/derivatives/scd/designer_tbss/freesurfer/sub-CC410032/mri/brainmask.mgz ./tmp.bbregister.86313/fslregister/refvol.fslregister.nii
mri_convert /Volumes/Research/lazarm03lab/labspace/AD/camcan995/derivatives/scd/designer_tbss/freesurfer/sub-CC410032/mri/brainmask.mgz ./tmp.bbregister.86313/fslregister/refvol.fslregister.nii 
reading from /Volumes/Research/lazarm03lab/labspace/AD/camcan995/derivatives/scd/designer_tbss/freesurfer/sub-CC410032/mri/brainmask.mgz...
TR=0.00, TE=0.00, TI=0.00, flip angle=0.00
i_ras = (-0.999384, 0.00351501, -0.0349174)
j_ras = (0.034917, -0.000123024, -0.99939)
k_ras = (0.00351703, 0.999994, -0)
writing to ./tmp.bbregister.86313/fslregister/refvol.fslregister.nii...
--------------------------------------
/Volumes/Research/lazarm03lab/labspace/AD/camcan995/derivatives/scd/designer_tbss
mri_convert ./tmp.bbregister.86313/template.nii ./tmp.bbregister.86313/fslregister/movvol.fslregister.nii --frame 0
mri_convert ./tmp.bbregister.86313/template.nii ./tmp.bbregister.86313/fslregister/movvol.fslregister.nii --frame 0 
reading from ./tmp.bbregister.86313/template.nii...
TR=0.00, TE=0.00, TI=0.00, flip angle=0.00
i_ras = (-0.999288, -0.0119411, -0.035797)
j_ras = (-0.0139539, 0.998304, 0.056516)
k_ras = (-0.0350614, -0.0569753, 0.99776)
keeping frame 0
writing to ./tmp.bbregister.86313/fslregister/movvol.fslregister.nii...
Mov determinant is -8
/Volumes/Research/lazarm03lab/labspace/AD/camcan995/derivatives/scd/designer_tbss
tkregister2_cmdl --mov ./tmp.bbregister.86313/fslregister/movvol.fslregister.nii --reg ./tmp.bbregister.86313/fslregister/reg0.86360.dat --targ brainmask --fstarg --regheader --fslregout ./tmp.bbregister.86313/reg.init.dat.fsl.mat0 --s sub-CC410032 --noedit
target  volume brainmask
movable volume ./tmp.bbregister.86313/fslregister/movvol.fslregister.nii
reg file       ./tmp.bbregister.86313/fslregister/reg0.86360.dat
LoadVol        0
ZeroCRAS       0
7.4.1
Diagnostic Level -1
INFO: loading target /Volumes/Research/lazarm03lab/labspace/AD/camcan995/derivatives/scd/designer_tbss/freesurfer/sub-CC410032/mri/brainmask.mgz
INFO: target does not conform to COR format, so I'm going to
reslice to COR. This will not affect the final registration.
Ttarg: --------------------
-1.00000   0.00000   0.00000   128.00000;
 0.00000   0.00000   1.00000  -128.00000;
 0.00000  -1.00000   0.00000   128.00000;
 0.00000   0.00000   0.00000   1.00000;
INFO: loading movable ./tmp.bbregister.86313/fslregister/movvol.fslregister.nii
Tmov: --------------------
-2.00000   0.00000   0.00000   96.00000;
 0.00000   0.00000   2.00000  -66.00000;
 0.00000  -2.00000   0.00000   96.00000;
 0.00000   0.00000   0.00000   1.00000;
mkheaderreg = 1, float2int = 0
Computing reg from header (and possibly input matrix)
---- Input registration matrix (computed) --------
 0.99929   0.01194   0.03580  -0.18686;
-0.03506  -0.05698   0.99776   10.92535;
 0.01395  -0.99830  -0.05652  -18.25063;
 0.00000   0.00000   0.00000   1.00000;
---------------------------------------
---- Input registration matrix --------
 0.99929   0.01194   0.03580  -0.18686;
-0.03506  -0.05698   0.99776   10.92535;
 0.01395  -0.99830  -0.05652  -18.25063;
 0.00000   0.00000   0.00000   1.00000;
Determinant 1
subject = sub-CC410032
RegMat ---------------------------
 0.99988   0.01546   0.00088  -0.18686;
-0.00000  -0.05710   0.99837   10.92535;
 0.01548  -0.99825  -0.05709  -18.25063;
 0.00000   0.00000   0.00000   1.00000;
FSLOUTPUTTYPE NIFTI 
tkreg2FSL: mov det = -8, ref det = -1
Fri Aug  9 15:44:53 EDT 2024
/Volumes/Research/lazarm03lab/labspace/AD/camcan995/derivatives/scd/designer_tbss
flirt.fsl -ref ./tmp.bbregister.86313/fslregister/refvol.fslregister.nii -in ./tmp.bbregister.86313/fslregister/movvol.fslregister.nii -bins 256 -cost corratio -dof 6 -searchrx -90 90 -searchry -90 90 -searchrz -90 90 -verbose 0 -omat ./tmp.bbregister.86313/fslregister/fslmat0.trans.mat -schedule /Applications/freesurfer/7.4.1/bin/fsl.5.0.2.xyztrans.sch -init ./tmp.bbregister.86313/reg.init.dat.fsl.mat0
Fri Aug  9 15:44:59 EDT 2024
/Volumes/Research/lazarm03lab/labspace/AD/camcan995/derivatives/scd/designer_tbss
flirt.fsl -ref ./tmp.bbregister.86313/fslregister/refvol.fslregister.nii -in ./tmp.bbregister.86313/fslregister/movvol.fslregister.nii -bins 256 -cost corratio -dof 6 -searchrx -90 90 -searchry -90 90 -searchrz -90 90 -verbose 0 -omat ./tmp.bbregister.86313/reg.init.dat.fsl.mat -init ./tmp.bbregister.86313/fslregister/fslmat0.trans.mat -schedule /Applications/freesurfer/7.4.1/bin/flirt.newdefault.20080811.sch
tkregister2_cmdl --s sub-CC410032 --mov ./tmp.bbregister.86313/template.nii --targ brainmask --fstarg --reg ./tmp.bbregister.86313/reg.init.dat --fslreg ./tmp.bbregister.86313/reg.init.dat.fsl.mat --noedit
---- FSL registration matrix --------
 0.99970   0.02027   0.01383   3.25716;
 0.01451  -0.03368  -0.99933   214.85011;
-0.01979   0.99923  -0.03397   25.56339;
 0.00000   0.00000   0.00000   1.00000;
---------------------------------------
target  volume brainmask
movable volume ./tmp.bbregister.86313/template.nii
reg file       ./tmp.bbregister.86313/reg.init.dat
LoadVol        0
ZeroCRAS       0
7.4.1
Diagnostic Level -1
INFO: loading target /Volumes/Research/lazarm03lab/labspace/AD/camcan995/derivatives/scd/designer_tbss/freesurfer/sub-CC410032/mri/brainmask.mgz
INFO: target does not conform to COR format, so I'm going to
reslice to COR. This will not affect the final registration.
Ttarg: --------------------
-1.00000   0.00000   0.00000   128.00000;
 0.00000   0.00000   1.00000  -128.00000;
 0.00000  -1.00000   0.00000   128.00000;
 0.00000   0.00000   0.00000   1.00000;
INFO: loading movable ./tmp.bbregister.86313/template.nii
Tmov: --------------------
-2.00000   0.00000   0.00000   96.00000;
 0.00000   0.00000   2.00000  -66.00000;
 0.00000  -2.00000   0.00000   96.00000;
 0.00000   0.00000   0.00000   1.00000;
mkheaderreg = 0, float2int = 0
FSLOUTPUTTYPE NIFTI 
fsl2TkReg: mov det = -8, ref det = -1
---- Input registration matrix (computed) --------
 0.99865   0.01628   0.04940   1.11068;
-0.04883  -0.03379   0.99824   13.48755;
 0.01792  -0.99930  -0.03295  -16.60178;
 0.00000   0.00000   0.00000   1.00000;
---------------------------------------
---- Input registration matrix --------
 0.99865   0.01628   0.04940   1.11068;
-0.04883  -0.03379   0.99824   13.48755;
 0.01792  -0.99930  -0.03295  -16.60178;
 0.00000   0.00000   0.00000   1.00000;
Determinant 1
subject = sub-CC410032
RegMat ---------------------------
 0.99970   0.01979   0.01451   1.11068;
-0.01383  -0.03397   0.99933   13.48755;
 0.02027  -0.99923  -0.03368  -16.60178;
 0.00000   0.00000   0.00000   1.00000;

WARNING: possible left-right reversal

 
Started at Fri Aug 9 15:44:48 EDT 2024 
Ended   at Fri Aug  9 15:45:07 EDT 2024
 
fslregister Done
 
To check results, run:
tkregisterfv --mov ./tmp.bbregister.86313/template.nii --reg ./tmp.bbregister.86313/reg.init.dat --surf orig
 
mri_segreg --mov ./tmp.bbregister.86313/template.nii --init-reg ./tmp.bbregister.86313/reg.init.dat --out-reg ./tmp.bbregister.86313/bbr.pass1.dat --subsamp-brute 100 --subsamp 100 --tol 1e-4 --tol1d 1e-3 --brute -4 4 4 --surf white --gm-proj-frac 0.5 --gm-gt-wm 0.5
7.4.1
setenv SUBJECTS_DIR /Volumes/Research/lazarm03lab/labspace/AD/camcan995/derivatives/scd/designer_tbss/freesurfer
cd /Volumes/Research/lazarm03lab/labspace/AD/camcan995/derivatives/scd/designer_tbss
mri_segreg --mov ./tmp.bbregister.86313/template.nii --init-reg ./tmp.bbregister.86313/reg.init.dat --out-reg ./tmp.bbregister.86313/bbr.pass1.dat --subsamp-brute 100 --subsamp 100 --tol 1e-4 --tol1d 1e-3 --brute -4 4 4 --surf white --gm-proj-frac 0.5 --gm-gt-wm 0.5 
sysname  Darwin
hostname ryns-imac.wireless.nyumc.org
machine  x86_64
user     rynflaherty
movvol ./tmp.bbregister.86313/template.nii
regfile ./tmp.bbregister.86313/reg.init.dat
subject sub-CC410032
dof 6
outregfile ./tmp.bbregister.86313/bbr.pass1.dat
UseMask 0
UseLH 1
UseRH 1
nsubsamp 100
PenaltySign  -1
PenaltySlope 0.500000
PenaltyCenter 0.000000
surfname white
GMProjFrac 0.500000
WMProjAbs 2.000000
lhcostfile (null)
rhcostfile (null)
interp  trilinear (1)
frame  0
TolPowell 0.000100
nMaxItersPowell 36
n1dmin  3
Profile   0
Gdiag_no  -1
AddNoise  0 (0)
SynthSeed 1723535524
TransRandMax 0.000000
RotRandMax 0.000000
Translations 0.000000 0.000000 0.000000
Rotations   0.000000 0.000000 0.000000
Input reg
 0.99970   0.01979   0.01451   1.11068;
-0.01383  -0.03397   0.99933   13.48755;
 0.02027  -0.99923  -0.03368  -16.60178;
 0.00000   0.00000   0.00000   1.00000;

Loading mov
ExcludeZeroVoxels 1
Reading in targ vol /Volumes/Research/lazarm03lab/labspace/AD/camcan995/derivatives/scd/designer_tbss/freesurfer/sub-CC410032/mri/orig.mgz
Projecting LH Surfs
Loading lh.white surf
Loading lh.thickness for GM
GM Proj: 1 0.500000 2.000000
WM Proj: 0 0.500000 2.000000
Projecting RH Surfs
Loading rh.white surf
Loading rh.thickness for GM
Projecting RH Surfs
Using lh.cortex.label
Using rh.cortex.label
Computing relative cost
 0  -25.0 -25.0 -25.0   0.995587
 1  -25.0 -25.0  25.0   1.022134
 2  -25.0  25.0 -25.0   0.970606
 3  -25.0  25.0  25.0   0.968762
 4   25.0 -25.0 -25.0   1.017269
 5   25.0 -25.0  25.0   1.014267
 6   25.0  25.0 -25.0   1.002540
 7   25.0  25.0  25.0   1.013827
REL:  8  0.430316    8.004992  1.000624 rel = 0.430047 
Initial costs ----------------
Number of surface hits 2265
WM  Intensity   246.1970 +/-  97.8583
Ctx Intensity   321.4565 +/- 151.9997
Pct Contrast     23.3026 +/-  30.2789
Cost   0.4303
RelCost   0.4300

------------------------------------
Brute force preopt -4 4 4, n = 729
     0  -4.0000  -4.0000  -4.0000  -4.0000  -4.0000  -4.0000      0.9353   0.9353  0.0
     1  -4.0000  -4.0000  -4.0000  -4.0000  -4.0000   0.0000      0.8969   0.8969  0.0
     2  -4.0000  -4.0000  -4.0000  -4.0000  -4.0000   4.0000      0.8893   0.8893  0.0
     4  -4.0000  -4.0000  -4.0000  -4.0000   0.0000   0.0000      0.8833   0.8833  0.0
     6  -4.0000  -4.0000  -4.0000  -4.0000   4.0000  -4.0000      0.8802   0.8802  0.0
     7  -4.0000  -4.0000  -4.0000  -4.0000   4.0000   0.0000      0.7980   0.7980  0.0
    15  -4.0000  -4.0000  -4.0000   0.0000   4.0000  -4.0000      0.7415   0.7415  0.0
    33  -4.0000  -4.0000   0.0000  -4.0000   4.0000  -4.0000      0.7356   0.7356  0.0
   120  -4.0000   0.0000   0.0000   0.0000   0.0000  -4.0000      0.7121   0.7121  0.0
   253   0.0000  -4.0000  -4.0000   0.0000  -4.0000   0.0000      0.7024   0.7024  0.0
   258   0.0000  -4.0000  -4.0000   0.0000   4.0000  -4.0000      0.6928   0.6928  0.0
   273   0.0000  -4.0000   0.0000  -4.0000   0.0000  -4.0000      0.6690   0.6690  0.0
   274   0.0000  -4.0000   0.0000  -4.0000   0.0000   0.0000      0.5939   0.5939  0.0
   282   0.0000  -4.0000   0.0000   0.0000   0.0000  -4.0000      0.5567   0.5567  0.0
   283   0.0000  -4.0000   0.0000   0.0000   0.0000   0.0000      0.4353   0.4353  0.0
   364   0.0000   0.0000   0.0000   0.0000   0.0000   0.0000      0.4303   0.4303  0.0
Brute Force --------------------------
Min cost was 0.430316
Number of iterations   729
Search time 0.709889 sec
Parameters at best (transmm, rotdeg)
  0.000   0.000   0.000  0.000  0.000  0.000 
--------------------------------------------

Starting Powell Minimization
Init Powel Params dof = 6
0 0
1 0
2 0
3 0
4 0
5 0
fs_powell::minimize
  nparams 6
  maxfev 36
  ftol   0.000100
  linmin_xtol_   0.001000
  powell nthiter 0: fret = 0.430316
   8 -0.010  0.000  0.000  0.000  0.000  0.000   0.4301285256
   9 -0.075  0.000  0.000  0.000  0.000  0.000   0.4289899196
  11 -0.065  0.000  0.000  0.000  0.000  0.000   0.4288820929
  13 -0.064  0.000  0.000  0.000  0.000  0.000   0.4288766678
  15 -0.063  0.000  0.000  0.000  0.000  0.000   0.4288744434
  18 -0.063 -1.618  0.000  0.000  0.000  0.000   0.1991161046
  21 -0.063 -2.327  0.000  0.000  0.000  0.000   0.1899210121
  23 -0.063 -2.055  0.000  0.000  0.000  0.000   0.1849121552
  26 -0.063 -1.989  0.000  0.000  0.000  0.000   0.1837572759
  27 -0.063 -1.951  0.000  0.000  0.000  0.000   0.1837386084
  28 -0.063 -1.968  0.000  0.000  0.000  0.000   0.1836293322
  29 -0.063 -1.969  0.000  0.000  0.000  0.000   0.1836283273
  30 -0.063 -1.971  0.000  0.000  0.000  0.000   0.1836282088
  39 -0.063 -1.971 -0.307  0.000  0.000  0.000   0.1827491364
  41 -0.063 -1.971 -0.426  0.000  0.000  0.000   0.1821613943
  42 -0.063 -1.971 -0.499  0.000  0.000  0.000   0.1816162422
  44 -0.063 -1.971 -0.483  0.000  0.000  0.000   0.1814720264
  45 -0.063 -1.971 -0.476  0.000  0.000  0.000   0.1814527440
  54 -0.063 -1.971 -0.476 -0.089  0.000  0.000   0.1809808785
  55 -0.063 -1.971 -0.476 -0.082  0.000  0.000   0.1809153995
  56 -0.063 -1.971 -0.476 -0.059  0.000  0.000   0.1808567538
  58 -0.063 -1.971 -0.476 -0.065  0.000  0.000   0.1808491352
  62 -0.063 -1.971 -0.476 -0.066  0.000  0.000   0.1808490213
  68 -0.063 -1.971 -0.476 -0.066 -0.618  0.000   0.1787126875
  70 -0.063 -1.971 -0.476 -0.066 -0.350  0.000   0.1719647028
  72 -0.063 -1.971 -0.476 -0.066 -0.375  0.000   0.1718609395
  74 -0.063 -1.971 -0.476 -0.066 -0.387  0.000   0.1718287138
  76 -0.063 -1.971 -0.476 -0.066 -0.391  0.000   0.1718244373
  77 -0.063 -1.971 -0.476 -0.066 -0.394  0.000   0.1718242358
  79 -0.063 -1.971 -0.476 -0.066 -0.393  0.000   0.1718237261
  80 -0.063 -1.971 -0.476 -0.066 -0.392  0.000   0.1718235904
  83 -0.063 -1.971 -0.476 -0.066 -0.392 -1.618   0.1615846684
  84 -0.063 -1.971 -0.476 -0.066 -0.392 -0.884   0.1191424285
  88 -0.063 -1.971 -0.476 -0.066 -0.392 -0.873   0.1190934734
  90 -0.063 -1.971 -0.476 -0.066 -0.392 -0.865   0.1190857244
  91 -0.063 -1.971 -0.476 -0.066 -0.392 -0.866   0.1190855018
  powell nthiter 1: fret = 0.119085
 100 -0.125 -1.971 -0.476 -0.066 -0.392 -0.866   0.1187565849
 101 -0.116 -1.971 -0.476 -0.066 -0.392 -0.866   0.1186870909
 102 -0.104 -1.971 -0.476 -0.066 -0.392 -0.866   0.1186408876
 103 -0.102 -1.971 -0.476 -0.066 -0.392 -0.866   0.1186393341
 113 -0.102 -1.893 -0.476 -0.066 -0.392 -0.866   0.1178496876
 115 -0.102 -1.915 -0.476 -0.066 -0.392 -0.866   0.1175218687
 116 -0.102 -1.921 -0.476 -0.066 -0.392 -0.866   0.1174776991
 118 -0.102 -1.925 -0.476 -0.066 -0.392 -0.866   0.1174670968
 119 -0.102 -1.926 -0.476 -0.066 -0.392 -0.866   0.1174666226
 127 -0.102 -1.926 -0.502 -0.066 -0.392 -0.866   0.1173403106
 128 -0.102 -1.926 -0.513 -0.066 -0.392 -0.866   0.1172886160
 133 -0.102 -1.926 -0.518 -0.066 -0.392 -0.866   0.1172780753
 135 -0.102 -1.926 -0.519 -0.066 -0.392 -0.866   0.1172780539
 145 -0.102 -1.926 -0.519 -0.057 -0.392 -0.866   0.1171787120
 146 -0.102 -1.926 -0.519 -0.046 -0.392 -0.866   0.1171387771
 148 -0.102 -1.926 -0.519 -0.048 -0.392 -0.866   0.1171381091
 159 -0.102 -1.926 -0.519 -0.048 -0.394 -0.866   0.1171211555
 160 -0.102 -1.926 -0.519 -0.048 -0.427 -0.866   0.1170150816
 161 -0.102 -1.926 -0.519 -0.048 -0.420 -0.866   0.1169902220
 164 -0.102 -1.926 -0.519 -0.048 -0.419 -0.866   0.1169898023
 173 -0.102 -1.926 -0.519 -0.048 -0.419 -0.865   0.1169886693
 174 -0.102 -1.926 -0.519 -0.048 -0.419 -0.864   0.1169878505
  powell nthiter 2: fret = 0.116988
 185 -0.106 -1.926 -0.519 -0.048 -0.419 -0.864   0.1169620777
 186 -0.111 -1.926 -0.519 -0.048 -0.419 -0.864   0.1169533075
 209 -0.111 -1.926 -0.524 -0.048 -0.419 -0.864   0.1169470613
 211 -0.111 -1.926 -0.525 -0.048 -0.419 -0.864   0.1169469298
 223 -0.111 -1.926 -0.525 -0.042 -0.419 -0.864   0.1169400554
 224 -0.111 -1.926 -0.525 -0.043 -0.419 -0.864   0.1169395199
 236 -0.111 -1.926 -0.525 -0.043 -0.413 -0.864   0.1169355092
 237 -0.111 -1.926 -0.525 -0.043 -0.414 -0.864   0.1169348382
 248 -0.111 -1.926 -0.525 -0.043 -0.414 -0.862   0.1169340458
  powell nthiter 3: fret = 0.116934
 260 -0.114 -1.926 -0.525 -0.043 -0.414 -0.862   0.1169326388
 271 -0.114 -1.918 -0.525 -0.043 -0.414 -0.862   0.1169288289
 272 -0.114 -1.921 -0.525 -0.043 -0.414 -0.862   0.1169249933
 283 -0.114 -1.921 -0.526 -0.043 -0.414 -0.862   0.1169245410
 294 -0.114 -1.921 -0.526 -0.039 -0.414 -0.862   0.1169205342
 295 -0.114 -1.921 -0.526 -0.040 -0.414 -0.862   0.1169197382
 307 -0.114 -1.921 -0.526 -0.040 -0.411 -0.862   0.1169193601
 309 -0.114 -1.921 -0.526 -0.040 -0.412 -0.862   0.1169191088
 320 -0.114 -1.921 -0.526 -0.040 -0.412 -0.863   0.1169189125
 321 -0.116 -1.917 -0.527 -0.036 -0.410 -0.864   0.1169042107
 324 -0.119 -1.909 -0.529 -0.031 -0.407 -0.866   0.1168734220
 325 -0.125 -1.897 -0.532 -0.022 -0.401 -0.869   0.1167811680
 326 -0.134 -1.878 -0.536 -0.007 -0.392 -0.873   0.1165658133
 327 -0.149 -1.847 -0.544  0.017 -0.377 -0.880   0.1162823391
 332 -0.149 -1.847 -0.544  0.017 -0.377 -0.880   0.1162819657
 333 -0.150 -1.846 -0.544  0.017 -0.377 -0.880   0.1162810863
 336 -0.150 -1.846 -0.544  0.018 -0.376 -0.880   0.1162807359
 338 -0.150 -1.845 -0.544  0.018 -0.376 -0.880   0.1162805963
 343 -0.150 -1.845 -0.544  0.018 -0.376 -0.880   0.1162805006
 346 -0.150 -1.845 -0.544  0.018 -0.376 -0.880   0.1162804047
  powell nthiter 4: fret = 0.116280
 355 -0.148 -1.845 -0.544  0.018 -0.376 -0.880   0.1162786700
 366 -0.148 -1.845 -0.544  0.018 -0.376 -0.891   0.1162261919
 368 -0.148 -1.845 -0.544  0.018 -0.376 -0.893   0.1162239359
 379 -0.148 -1.845 -0.565  0.018 -0.376 -0.893   0.1161863746
 380 -0.148 -1.845 -0.559  0.018 -0.376 -0.893   0.1161808410
 392 -0.148 -1.845 -0.559  0.022 -0.376 -0.893   0.1161664657
 393 -0.148 -1.845 -0.559  0.026 -0.376 -0.893   0.1161608307
 403 -0.148 -1.845 -0.559  0.026 -0.375 -0.893   0.1161582271
 404 -0.148 -1.845 -0.559  0.026 -0.365 -0.893   0.1161505384
 406 -0.148 -1.845 -0.559  0.026 -0.368 -0.893   0.1161500907
 422 -0.148 -1.845 -0.559  0.026 -0.368 -0.893   0.1161499365
 424 -0.148 -1.845 -0.559  0.026 -0.368 -0.893   0.1161498271
  powell nthiter 5: fret = 0.116150
 436 -0.142 -1.845 -0.559  0.026 -0.368 -0.893   0.1161390567
 448 -0.142 -1.845 -0.559  0.026 -0.368 -0.895   0.1161356068
 450 -0.142 -1.845 -0.559  0.026 -0.368 -0.896   0.1161354303
 460 -0.142 -1.845 -0.564  0.026 -0.368 -0.896   0.1161305857
 461 -0.142 -1.845 -0.563  0.026 -0.368 -0.896   0.1161305720
 473 -0.142 -1.845 -0.563  0.025 -0.368 -0.896   0.1161303737
 492 -0.142 -1.845 -0.564  0.025 -0.368 -0.896   0.1161299963
 495 -0.142 -1.845 -0.564  0.025 -0.368 -0.896   0.1161299231
  powell nthiter 6: fret = 0.116130
 509 -0.141 -1.845 -0.564  0.025 -0.368 -0.896   0.1161288610
 530 -0.141 -1.845 -0.565  0.025 -0.368 -0.896   0.1161287080
Powell done niters = 6
Computing relative cost
 0  -25.0 -25.0 -25.0   0.976154
 1  -25.0 -25.0  25.0   0.976840
 2  -25.0  25.0 -25.0   0.990242
 3  -25.0  25.0  25.0   1.001702
 4   25.0 -25.0 -25.0   1.011027
 5   25.0 -25.0  25.0   0.995787
 6   25.0  25.0 -25.0   0.979909
 7   25.0  25.0  25.0   1.016216
REL:  8  0.116129    7.947877  0.993485 rel = 0.11689 
Number of iterations     6
Min cost was 0.116129
Number of FunctionCalls   569
TolPowell 0.000100
nMaxItersPowell 36
OptimizationTime 0.561292 sec
Parameters at optimum (transmm) -0.14068 -1.84489 -0.56500
Parameters at optimum (rotdeg)  0.02512 -0.36774 -0.89624 
Final costs ----------------
Number of surface hits 2265
WM  Intensity   226.5817 +/-  82.7632
Ctx Intensity   303.3087 +/- 116.0683
Pct Contrast     28.3265 +/-  19.3570
Cost   0.1161
RelCost   0.4300
Reg at min cost was 
 0.99921   0.02568   0.03035   1.28742;
-0.02947  -0.03393   0.99899   11.62924;
 0.02668  -0.99909  -0.03315  -17.15340;
 0.00000   0.00000   0.00000   1.00000;

Writing optimal reg to ./tmp.bbregister.86313/bbr.pass1.dat, type = 14 
Original Reg 
 0.99970   0.01979   0.01451   1.11068;
-0.01383  -0.03397   0.99933   13.48755;
 0.02027  -0.99923  -0.03368  -16.60178;
 0.00000   0.00000   0.00000   1.00000;

Original Reg - Optimal Reg
 0.00049  -0.00589  -0.01584  -0.17674;
 0.01564  -0.00003   0.00034   1.85831;
-0.00641  -0.00013  -0.00053   0.55161;
 0.00000   0.00000   0.00000   0.00000;

Computing change in lh position
LH rmsDiffMean 1.666173
Computing change in rh position
Surface-RMS-Diff-mm 2.016950 0.411457 2.911567
mri_segreg done
mri_segreg --mov ./tmp.bbregister.86313/template.nii --init-reg ./tmp.bbregister.86313/bbr.pass1.dat --out-reg b02fs.dat --interp trilinear --wm-proj-abs 2 --tol 1e-8 --tol1d 1e-3 --c0 0 --mincost b02fs.dat.mincost --dof 6 --nmax 36 --param b02fs.dat.param --surf white --brute -0.1 0.1 0.1 --cur-reg ./tmp.bbregister.86313/reg.curopt.dat --gm-proj-frac 0.5 --nsub 1 --gm-gt-wm 0.5
7.4.1
setenv SUBJECTS_DIR /Volumes/Research/lazarm03lab/labspace/AD/camcan995/derivatives/scd/designer_tbss/freesurfer
cd /Volumes/Research/lazarm03lab/labspace/AD/camcan995/derivatives/scd/designer_tbss
mri_segreg --mov ./tmp.bbregister.86313/template.nii --init-reg ./tmp.bbregister.86313/bbr.pass1.dat --out-reg b02fs.dat --interp trilinear --wm-proj-abs 2 --tol 1e-8 --tol1d 1e-3 --c0 0 --mincost b02fs.dat.mincost --dof 6 --nmax 36 --param b02fs.dat.param --surf white --brute -0.1 0.1 0.1 --cur-reg ./tmp.bbregister.86313/reg.curopt.dat --gm-proj-frac 0.5 --nsub 1 --gm-gt-wm 0.5 
sysname  Darwin
hostname ryns-imac.wireless.nyumc.org
machine  x86_64
user     rynflaherty
movvol ./tmp.bbregister.86313/template.nii
regfile ./tmp.bbregister.86313/bbr.pass1.dat
subject sub-CC410032
dof 6
outregfile b02fs.dat
UseMask 0
UseLH 1
UseRH 1
nsubsamp 1
PenaltySign  -1
PenaltySlope 0.500000
PenaltyCenter 0.000000
surfname white
GMProjFrac 0.500000
WMProjAbs 2.000000
lhcostfile (null)
rhcostfile (null)
interp  trilinear (1)
frame  0
TolPowell 0.000000
nMaxItersPowell 36
n1dmin  3
Profile   0
Gdiag_no  -1
AddNoise  0 (0)
SynthSeed 1724122692
TransRandMax 0.000000
RotRandMax 0.000000
Translations 0.000000 0.000000 0.000000
Rotations   0.000000 0.000000 0.000000
Input reg
 0.99921   0.02568   0.03035   1.28742;
-0.02947  -0.03393   0.99899   11.62924;
 0.02668  -0.99909  -0.03315  -17.15340;
 0.00000   0.00000   0.00000   1.00000;

Loading mov
ExcludeZeroVoxels 1
Reading in targ vol /Volumes/Research/lazarm03lab/labspace/AD/camcan995/derivatives/scd/designer_tbss/freesurfer/sub-CC410032/mri/orig.mgz
Projecting LH Surfs
Loading lh.white surf
Loading lh.thickness for GM
GM Proj: 1 0.500000 2.000000
WM Proj: 0 0.500000 2.000000
Projecting RH Surfs
Loading rh.white surf
Loading rh.thickness for GM
Projecting RH Surfs
Using lh.cortex.label
Using rh.cortex.label
Computing relative cost
 0  -25.0 -25.0 -25.0   0.979065
 1  -25.0 -25.0  25.0   0.985508
 2  -25.0  25.0 -25.0   1.002099
 3  -25.0  25.0  25.0   0.974412
 4   25.0 -25.0 -25.0   1.000693
 5   25.0 -25.0  25.0   1.012967
 6   25.0  25.0 -25.0   0.977463
 7   25.0  25.0  25.0   0.990080
REL:  8  0.133932    7.922286  0.990286 rel = 0.135245 
Initial costs ----------------
Number of surface hits 226505
WM  Intensity   228.7537 +/-  85.6226
Ctx Intensity   305.2176 +/- 114.3024
Pct Contrast     28.3314 +/-  19.4932
Cost   0.1339
RelCost   0.1352

------------------------------------
Brute force preopt -0.1 0.1 0.1, n = 729
     0  -0.1000  -0.1000  -0.1000  -0.1000  -0.1000  -0.1000      0.1270   0.1270  0.0
     1  -0.1000  -0.1000  -0.1000  -0.1000  -0.1000   0.0000      0.1251   0.1251  0.0
     3  -0.1000  -0.1000  -0.1000  -0.1000   0.0000  -0.1000      0.1248   0.1248  0.0
     4  -0.1000  -0.1000  -0.1000  -0.1000   0.0000   0.0000      0.1232   0.1232  0.0
     5  -0.1000  -0.1000  -0.1000  -0.1000   0.0000   0.1000      0.1232   0.1232  0.0
     7  -0.1000  -0.1000  -0.1000  -0.1000   0.1000   0.0000      0.1225   0.1225  0.0
    15  -0.1000  -0.1000  -0.1000   0.0000   0.1000  -0.1000      0.1221   0.1221  0.0
    31  -0.1000  -0.1000   0.0000  -0.1000   0.0000   0.0000      0.1217   0.1217  0.0
    32  -0.1000  -0.1000   0.0000  -0.1000   0.0000   0.1000      0.1213   0.1213  0.0
    34  -0.1000  -0.1000   0.0000  -0.1000   0.1000   0.0000      0.1213   0.1213  0.0
    39  -0.1000  -0.1000   0.0000   0.0000   0.0000  -0.1000      0.1211   0.1211  0.0
    42  -0.1000  -0.1000   0.0000   0.0000   0.1000  -0.1000      0.1209   0.1209  0.0
    67  -0.1000  -0.1000   0.1000   0.0000   0.0000   0.0000      0.1205   0.1205  0.0
    68  -0.1000  -0.1000   0.1000   0.0000   0.0000   0.1000      0.1198   0.1198  0.0
   114  -0.1000   0.0000   0.0000  -0.1000   0.1000  -0.1000      0.1197   0.1197  0.0
   121  -0.1000   0.0000   0.0000   0.0000   0.0000   0.0000      0.1191   0.1191  0.0
   148  -0.1000   0.0000   0.1000   0.0000   0.0000   0.0000      0.1189   0.1189  0.0
   283   0.0000  -0.1000   0.0000   0.0000   0.0000   0.0000      0.1189   0.1189  0.0
   284   0.0000  -0.1000   0.0000   0.0000   0.0000   0.1000      0.1188   0.1188  0.0
   301   0.0000  -0.1000   0.1000  -0.1000   0.0000   0.0000      0.1184   0.1184  0.0
   355   0.0000   0.0000   0.0000  -0.1000   0.0000   0.0000      0.1180   0.1180  0.0
   364   0.0000   0.0000   0.0000   0.0000   0.0000   0.0000      0.1161   0.1161  0.0
Brute Force --------------------------
Min cost was 0.116129
Number of iterations   729
Search time 0.705419 sec
Parameters at best (transmm, rotdeg)
  0.000   0.000   0.000  0.000  0.000  0.000 
--------------------------------------------

Starting Powell Minimization
Init Powel Params dof = 6
0 0
1 0
2 0
3 0
4 0
5 0
fs_powell::minimize
  nparams 6
  maxfev 36
  ftol   0.000000
  linmin_xtol_   0.001000
  powell nthiter 0: fret = 0.133932
   8  0.001  0.000  0.000  0.000  0.000  0.000   0.1339305254
   9  0.011  0.000  0.000  0.000  0.000  0.000   0.1339280225
  11  0.008  0.000  0.000  0.000  0.000  0.000   0.1339265506
  20  0.008 -0.071  0.000  0.000  0.000  0.000   0.1334385802
  21  0.008 -0.069  0.000  0.000  0.000  0.000   0.1334380824
  30  0.008 -0.069  0.089  0.000  0.000  0.000   0.1328518212
  31  0.008 -0.069  0.092  0.000  0.000  0.000   0.1328517221
  33  0.008 -0.069  0.091  0.000  0.000  0.000   0.1328516870
  40  0.008 -0.069  0.091 -0.030  0.000  0.000   0.1328309319
  41  0.008 -0.069  0.091 -0.019  0.000  0.000   0.1328237568
  50  0.008 -0.069  0.091 -0.019  0.095  0.000   0.1318846511
  51  0.008 -0.069  0.091 -0.019  0.107  0.000   0.1318811033
  52  0.008 -0.069  0.091 -0.019  0.103  0.000   0.1318802361
  61  0.008 -0.069  0.091 -0.019  0.103  0.057   0.1314468257
  63  0.008 -0.069  0.091 -0.019  0.103  0.061   0.1314448359
  powell nthiter 1: fret = 0.131445
  73 -0.049 -0.069  0.091 -0.019  0.103  0.061   0.1314083823
  74 -0.024 -0.069  0.091 -0.019  0.103  0.061   0.1313279307
  76 -0.025 -0.069  0.091 -0.019  0.103  0.061   0.1313277599
  85 -0.025 -0.068  0.091 -0.019  0.103  0.061   0.1313239656
  86 -0.025 -0.051  0.091 -0.019  0.103  0.061   0.1312903361
  88 -0.025 -0.049  0.091 -0.019  0.103  0.061   0.1312898991
  97 -0.025 -0.049  0.085 -0.019  0.103  0.061   0.1312887325
  99 -0.025 -0.049  0.087 -0.019  0.103  0.061   0.1312883326
 108 -0.025 -0.049  0.087 -0.026  0.103  0.061   0.1312840613
 117 -0.025 -0.049  0.087 -0.026  0.108  0.061   0.1312615998
 118 -0.025 -0.049  0.087 -0.026  0.132  0.061   0.1312227934
 120 -0.025 -0.049  0.087 -0.026  0.128  0.061   0.1312222609
 130 -0.025 -0.049  0.087 -0.026  0.128  0.060   0.1312219743
  powell nthiter 2: fret = 0.131222
 140 -0.036 -0.049  0.087 -0.026  0.128  0.060   0.1312004556
 141 -0.038 -0.049  0.087 -0.026  0.128  0.060   0.1311993840
 142 -0.040 -0.049  0.087 -0.026  0.128  0.060   0.1311990965
 151 -0.040 -0.054  0.087 -0.026  0.128  0.060   0.1311966770
 162 -0.040 -0.054  0.086 -0.026  0.128  0.060   0.1311965855
 170 -0.040 -0.054  0.086 -0.029  0.128  0.060   0.1311931972
 171 -0.040 -0.054  0.086 -0.034  0.128  0.060   0.1311914225
 172 -0.040 -0.054  0.086 -0.033  0.128  0.060   0.1311913668
 181 -0.040 -0.054  0.086 -0.033  0.140  0.060   0.1311879843
 182 -0.040 -0.054  0.086 -0.033  0.135  0.060   0.1311850424
 192 -0.040 -0.054  0.086 -0.033  0.135  0.058   0.1311847637
 200 -0.045 -0.056  0.085 -0.036  0.138  0.057   0.1311807008
 210 -0.046 -0.056  0.085 -0.036  0.138  0.057   0.1311806794
  powell nthiter 3: fret = 0.131181
 227 -0.046 -0.058  0.085 -0.036  0.138  0.057   0.1311805542
 236 -0.046 -0.058  0.087 -0.036  0.138  0.057   0.1311797400
 237 -0.046 -0.058  0.088 -0.036  0.138  0.057   0.1311796944
 246 -0.046 -0.058  0.088 -0.037  0.138  0.057   0.1311795354
  powell nthiter 4: fret = 0.131180
Powell done niters = 4
Computing relative cost
 0  -25.0 -25.0 -25.0   0.978652
 1  -25.0 -25.0  25.0   0.985775
 2  -25.0  25.0 -25.0   1.000345
 3  -25.0  25.0  25.0   0.974182
 4   25.0 -25.0 -25.0   0.999891
 5   25.0 -25.0  25.0   1.014380
 6   25.0  25.0 -25.0   0.978032
 7   25.0  25.0  25.0   0.991343
REL:  8  0.131180    7.922600  0.990325 rel = 0.132461 
Number of iterations     4
Min cost was 0.131180
Number of FunctionCalls   334
TolPowell 0.000000
nMaxItersPowell 36
OptimizationTime 16.750250 sec
Parameters at optimum (transmm) -0.04552 -0.05757  0.08838
Parameters at optimum (rotdeg) -0.03717  0.13791  0.05744 
Final costs ----------------
Number of surface hits 226505
WM  Intensity   228.2336 +/-  84.5965
Ctx Intensity   304.5197 +/- 112.1593
Pct Contrast     28.3804 +/-  19.3085
Cost   0.1312
RelCost   0.1352
Reg at min cost was 
 0.99930   0.02331   0.02927   1.18895;
-0.02845  -0.03456   0.99900   11.56179;
 0.02430  -0.99913  -0.03387  -17.07561;
 0.00000   0.00000   0.00000   1.00000;

Writing optimal reg to b02fs.dat, type = 14 
Original Reg 
 0.99921   0.02568   0.03035   1.28742;
-0.02947  -0.03393   0.99899   11.62924;
 0.02668  -0.99909  -0.03315  -17.15340;
 0.00000   0.00000   0.00000   1.00000;

Original Reg - Optimal Reg
-0.00009   0.00237   0.00108   0.09847;
-0.00102   0.00062  -0.00001   0.06746;
 0.00239   0.00004   0.00072  -0.07779;
 0.00000   0.00000   0.00000   0.00000;

Computing change in lh position
LH rmsDiffMean 0.204121
Computing change in rh position
Surface-RMS-Diff-mm 0.153575 0.072463 0.303076
mri_segreg done
MinCost: 0.131180 228.233558 304.519706 28.380387 
tkregister2_cmdl --mov designer_akc/sub-CC410032/B0.nii --reg b02fs.dat --noedit --ltaout b02fs.lta
INFO: no target volume specified, assuming FreeSurfer orig volume.
target  volume orig
movable volume designer_akc/sub-CC410032/B0.nii
reg file       b02fs.dat
LoadVol        0
ZeroCRAS       0
7.4.1
Diagnostic Level -1
---- Input registration matrix --------
 0.99930   0.02331   0.02927   1.18895;
-0.02845  -0.03456   0.99900   11.56179;
 0.02430  -0.99913  -0.03387  -17.07561;
 0.00000   0.00000   0.00000   1.00000;
float2int = 0
---------------------------------------
INFO: loading target /Volumes/Research/lazarm03lab/labspace/AD/camcan995/derivatives/scd/designer_tbss/freesurfer/sub-CC410032/mri/orig.mgz
Ttarg: --------------------
-1.00000   0.00000   0.00000   128.00000;
 0.00000   0.00000   1.00000  -128.00000;
 0.00000  -1.00000   0.00000   128.00000;
 0.00000   0.00000   0.00000   1.00000;
INFO: loading movable designer_akc/sub-CC410032/B0.nii
Tmov: --------------------
-2.00000   0.00000   0.00000   96.00000;
 0.00000   0.00000   2.00000  -66.00000;
 0.00000  -2.00000   0.00000   96.00000;
 0.00000   0.00000   0.00000   1.00000;
mkheaderreg = 0, float2int = 0
---- Input registration matrix --------
 0.99930   0.02331   0.02927   1.18895;
-0.02845  -0.03456   0.99900   11.56179;
 0.02430  -0.99913  -0.03387  -17.07561;
 0.00000   0.00000   0.00000   1.00000;
Determinant 1
subject = sub-CC410032
RegMat ---------------------------
 0.99930   0.02331   0.02927   1.18895;
-0.02845  -0.03456   0.99900   11.56179;
 0.02430  -0.99913  -0.03387  -17.07561;
 0.00000   0.00000   0.00000   1.00000;
Cleaning up
 
Started at Fri Aug 9 15:44:46 EDT 2024 
Ended   at Fri Aug  9 15:45:39 EDT 2024
BBR-Run-Time-Sec 53
 
bbregister Done
To check results, run:
tkregisterfv --mov designer_akc/sub-CC410032/B0.nii --reg b02fs.lta --surfs  --sd /Volumes/Research/lazarm03lab/labspace/AD/camcan995/derivatives/scd/designer_tbss/freesurfer
